C51 COMPILER V9.59.0.0   MAIN                                                              11/07/2024 22:22:05 PAGE 1   


C51 COMPILER V9.59.0.0, COMPILATION OF MODULE MAIN
OBJECT MODULE PLACED IN .\Objects\main.obj
COMPILER INVOKED BY: D:\RJ\Keil5\C51\BIN\C51.EXE main.c OPTIMIZE(8,SPEED) BROWSE DEBUG OBJECTEXTEND PRINT(.\Listings\mai
                    -n.lst) TABS(2) OBJECT(.\Objects\main.obj)

line level    source

   1          #include <REGX52.H>
   2          #include <INTRINS.H>//头文件对字母大小写不敏感
   3          
   4          void Delay500ms() //此函数用stc-isp自动生成
   5          {
   6   1        unsigned char data i, j, k;
   7   1      
   8   1        _nop_();//nop表示空语句，使用该函数需要引用<INTRINS.H>
   9   1        i = 4;
  10   1        j = 205;
  11   1        k = 187;
  12   1        do
  13   1        {
  14   2          do
  15   2          {
  16   3            while (--k);
  17   3          } while (--j);
  18   2        } while (--i);
  19   1      }
  20          
  21          
  22          void main()
  23          {
  24   1        while(1)
  25   1        {
  26   2          P2=0xFE;
  27   2          Delay500ms();
  28   2          P2=0xFD;
  29   2          Delay500ms();
  30   2          P2=0xFB;
  31   2          Delay500ms();
  32   2          P2=0xF7;
  33   2          Delay500ms();
  34   2          P2=0xEF;
  35   2          Delay500ms();
  36   2          P2=0xDF;
  37   2          Delay500ms();
  38   2          P2=0xBF;
  39   2          Delay500ms();
  40   2          P2=0x7F;
  41   2          Delay500ms();
  42   2        }
  43   1      }


MODULE INFORMATION:   STATIC OVERLAYABLE
   CODE SIZE        =     64    ----
   CONSTANT SIZE    =   ----    ----
   XDATA SIZE       =   ----    ----
   PDATA SIZE       =   ----    ----
   DATA SIZE        =   ----    ----
   IDATA SIZE       =   ----    ----
   BIT SIZE         =   ----    ----
END OF MODULE INFORMATION.

C51 COMPILER V9.59.0.0   MAIN                                                              11/07/2024 22:22:05 PAGE 2   


C51 COMPILATION COMPLETE.  0 WARNING(S),  0 ERROR(S)
