C51 COMPILER V9.59.0.0   MAIN                                                              11/27/2024 15:53:53 PAGE 1   


C51 COMPILER V9.59.0.0, COMPILATION OF MODULE MAIN
OBJECT MODULE PLACED IN .\Objects\main.obj
COMPILER INVOKED BY: D:\RJ\Keil5\C51\BIN\C51.EXE main.c OPTIMIZE(8,SPEED) BROWSE INCDIR(D:\RJ\Keil5\C51\INC;D:\RJ\Keil5\
                    -C51\INC\Atmel) DEBUG OBJECTEXTEND PRINT(.\Listings\main.lst) TABS(2) OBJECT(.\Objects\main.obj)

line level    source

   1          #include "Delay.h"
   2          
   3          unsigned char KeyNum = 0;
   4          unsigned char Min = 0;
   5          unsigned char Sec = 0;
   6          unsigned char MiniSec = 0;
   7          unsigned char RunFlag = 0;
   8          
   9          void main()
  10          {
  11   1        Timer0_Init();
  12   1        while (1)
  13   1        {
  14   2          KeyNum = Key();
  15   2          if (KeyNum == 1)
  16   2          {
  17   3            RunFlag = !RunFlag;
  18   3          }
  19   2          if (KeyNum == 2)
  20   2          {
  21   3            Min = 0;
  22   3            Sec = 0;
  23   3            MiniSec = 0;
  24   3          }
  25   2          if (KeyNum == 3)
  26   2          {
  27   3            AT24C02_WriterByte(0, Min);
  28   3            Delay(5);
  29   3            AT24C02_WriterByte(1, Sec);
  30   3            Delay(5);
  31   3            AT24C02_WriterByte(2, MiniSec);
  32   3            Delay(5);
  33   3          }
  34   2          if (KeyNum == 4)
  35   2          {
  36   3            Min = AT24C02_ReadByte(0);
  37   3            Sec = AT24C02_ReadByte(1);
  38   3            MiniSec = AT24C02_ReadByte(2);
  39   3          }
  40   2          Nixie_SetBuf(1, Min / 10);
  41   2          Nixie_SetBuf(2, Min % 10);
  42   2          Nixie_SetBuf(3, 11);
  43   2          Nixie_SetBuf(4, Sec / 10);
  44   2          Nixie_SetBuf(5, Sec % 10);
  45   2          Nixie_SetBuf(6, 11);
  46   2          Nixie_SetBuf(7, MiniSec / 10);
  47   2          Nixie_SetBuf(8, MiniSec % 10);
  48   2        }
  49   1      }
  50          
  51          void Sec_Loop(void)
  52          {
  53   1        if (RunFlag)
  54   1        {
C51 COMPILER V9.59.0.0   MAIN                                                              11/27/2024 15:53:53 PAGE 2   

  55   2          MiniSec++;
  56   2          if (MiniSec >= 100)
  57   2          {
  58   3            MiniSec = 0;
  59   3            Sec++;
  60   3            if (Sec >= 60)
  61   3            {
  62   4              Sec = 0;
  63   4              Min++;
  64   4              if (Min >= 60)
  65   4              {
  66   5                Min = 0;
  67   5              }
  68   4            }
  69   3          }
  70   2        }
  71   1      }
  72          
  73          void Timer0_Routine() interrupt 1
  74          {
  75   1        static unsigned int T0Count1 = 0;
  76   1        static unsigned int T0Count2 = 0;
  77   1        static unsigned int T0Count3 = 0;
  78   1      
  79   1        TH0 = 0xFC;
  80   1        TL0 = 0x18;
  81   1      
  82   1        T0Count1++;
  83   1        if (T0Count1 >= 20)
  84   1        {
  85   2          T0Count1 = 0;
  86   2          IndependentKey_Loop();
  87   2        }
  88   1      
  89   1        T0Count2++;
  90   1        if (T0Count2 >= 2)
  91   1        {
  92   2          T0Count2 = 0;
  93   2          NixieTube_Loop();
  94   2        }
  95   1        T0Count3++;
  96   1        if (T0Count3 >= 10)
  97   1        {
  98   2          T0Count2 = 0;
  99   2          Sec_Loop();
 100   2        }
 101   1      }


MODULE INFORMATION:   STATIC OVERLAYABLE
   CODE SIZE        =    395    ----
   CONSTANT SIZE    =   ----    ----
   XDATA SIZE       =   ----    ----
   PDATA SIZE       =   ----    ----
   DATA SIZE        =     11    ----
   IDATA SIZE       =   ----    ----
   BIT SIZE         =   ----    ----
END OF MODULE INFORMATION.


C51 COMPILATION COMPLETE.  0 WARNING(S),  0 ERROR(S)
