C51 COMPILER V9.59.0.0   DALYA                                                             11/10/2024 15:00:24 PAGE 1   


C51 COMPILER V9.59.0.0, COMPILATION OF MODULE DALYA
OBJECT MODULE PLACED IN .\Objects\Dalya.obj
COMPILER INVOKED BY: D:\RJ\Keil5\C51\BIN\C51.EXE Dalya.c OPTIMIZE(8,SPEED) BROWSE DEBUG OBJECTEXTEND PRINT(.\Listings\Da
                    -lya.lst) TABS(2) OBJECT(.\Objects\Dalya.obj)

line level    source

   1          #include "Delay.h"
   2          
   3          void Delay(unsigned int xms)  //@12MHz
   4          {
   5   1        unsigned char data i, j;
   6   1      
   7   1        while(xms--)
   8   1        {
   9   2          i = 2;
  10   2          j = 239;
  11   2          do 
  12   2          {
  13   3            while (--j);
  14   3          } while (--i);
  15   2          }
  16   1      }
  17          
  18          
  19          void NixieTube(unsigned char Location,Number)
  20          {
  21   1        unsigned char NixieTable[]={0x3F,0x06,0x5B,0x4F,0x66,0x6D,0x7D,0x07,0x7F,0x6F};
  22   1        switch(Location)
  23   1        {
  24   2          case 1:P2_4=1;P2_3=1;P2_2=1;break;
  25   2          case 2:P2_4=1;P2_3=1;P2_2=0;break;
  26   2          case 3:P2_4=1;P2_3=0;P2_2=1;break;
  27   2          case 4:P2_4=1;P2_3=0;P2_2=0;break;
  28   2          case 5:P2_4=0;P2_3=1;P2_2=1;break;
  29   2          case 6:P2_4=0;P2_3=1;P2_2=0;break;
  30   2          case 7:P2_4=0;P2_3=0;P2_2=1;break;
  31   2          case 8:P2_4=0;P2_3=0;P2_2=0;break;
  32   2        }
  33   1        P0=NixieTable[Number];
  34   1        Delay(1);
  35   1        P0=0x00;
  36   1      }


MODULE INFORMATION:   STATIC OVERLAYABLE
   CODE SIZE        =    157    ----
   CONSTANT SIZE    =     10    ----
   XDATA SIZE       =   ----    ----
   PDATA SIZE       =   ----    ----
   DATA SIZE        =   ----      13
   IDATA SIZE       =   ----    ----
   BIT SIZE         =   ----    ----
END OF MODULE INFORMATION.


C51 COMPILATION COMPLETE.  0 WARNING(S),  0 ERROR(S)
