C51 COMPILER V9.59.0.0   MAIN                                                              11/10/2024 15:00:37 PAGE 1   


C51 COMPILER V9.59.0.0, COMPILATION OF MODULE MAIN
OBJECT MODULE PLACED IN .\Objects\main.obj
COMPILER INVOKED BY: D:\RJ\Keil5\C51\BIN\C51.EXE main.c OPTIMIZE(8,SPEED) BROWSE DEBUG OBJECTEXTEND PRINT(.\Listings\mai
                    -n.lst) TABS(2) OBJECT(.\Objects\main.obj)

line level    source

   1          #include <REGX52.H>
   2          #include "LCD1602.h"
   3          #include "Delay.h"
   4          
   5          void main()
   6          {
   7   1        int x;
   8   1        
   9   1        LCD_Init();
  10   1        
  11   1      //  x=1+1;
  12   1      //  LCD_ShowNum(1,1,x,4);
  13   1        
  14   1        //调式
  15   1      //  LCD_ShowChar(1,1,'A');//表示在第一行第一列为起始位置开始显示A
  16   1      //  LCD_ShowString(1,3,"Hello");//表示在第一行第一列为起始位置开始显示hello
  17   1      //  LCD_ShowNum(1,9,123,4);//123是显示的数字，最后一个3是显示位数，若为4，则高位补0，显示为0123
  18   1      //  LCD_ShowSignedNum(1,14,-66,2);//2也是表示位数，不包括负号
  19   1      //  LCD_ShowHexNum(2,1,0xA8,2);
  20   1      //  LCD_ShowBinNum(2,4,0xAA,8);
  21   1      
  22   1        
  23   1        
  24   1        while(1)
  25   1        {
  26   2          x++;
  27   2          Delay(1000);
  28   2          LCD_ShowNum(1,1,x,3);
  29   2        }
  30   1      }


MODULE INFORMATION:   STATIC OVERLAYABLE
   CODE SIZE        =     34    ----
   CONSTANT SIZE    =   ----    ----
   XDATA SIZE       =   ----    ----
   PDATA SIZE       =   ----    ----
   DATA SIZE        =   ----       2
   IDATA SIZE       =   ----    ----
   BIT SIZE         =   ----    ----
END OF MODULE INFORMATION.


C51 COMPILATION COMPLETE.  0 WARNING(S),  0 ERROR(S)
