C51 COMPILER V9.59.0.0   MAIN                                                              11/30/2024 17:24:31 PAGE 1   


C51 COMPILER V9.59.0.0, COMPILATION OF MODULE MAIN
OBJECT MODULE PLACED IN .\Objects\main.obj
COMPILER INVOKED BY: D:\RJ\Keil5\C51\BIN\C51.EXE main.c OPTIMIZE(8,SPEED) BROWSE INCDIR(D:\RJ\Keil5\C51\INC;D:\RJ\Keil5\
                    -C51\INC\Atmel) DEBUG OBJECTEXTEND PRINT(.\Listings\main.lst) TABS(2) OBJECT(.\Objects\main.obj)

line level    source

   1          #include "Delay.h"
   2          
   3          sbit DA = P2 ^ 1;
   4          
   5          unsigned char Counter = 0;
   6          unsigned char Compare = 0;
   7          unsigned char i = 0;
   8          
   9          void main()
  10          {
  11   1        Timer0Init();
  12   1        Compare = 5;
  13   1        while (1)
  14   1        {
  15   2          for (i = 0; i < 100; i++)
  16   2          {
  17   3            Compare = i;
  18   3            Delay(10);
  19   3          }
  20   2          for (i = 100; i > 0; i--)
  21   2          {
  22   3            Compare = i;
  23   3            Delay(10);
  24   3          }
  25   2        }
  26   1      }
  27          
  28          void Timer0_Routine() interrupt 1
  29          {
  30   1        TL0 = 0x9C; // 设置定时初始值
  31   1        TH0 = 0xFF; // 设置定时初始值
  32   1        Counter++;
  33   1      
  34   1        // 这里还可以用Counter%=100代替该if语句，两者效果相同
  35   1        if (Counter >= 100)
  36   1        {
  37   2          Counter = 0;
  38   2        }
  39   1      
  40   1        // 产生PWM
  41   1        if (Counter < Compare)
  42   1        {
  43   2          DA = 1;
  44   2        }
  45   1        else
  46   1        {
  47   2          DA = 0;
  48   2        }
  49   1      }


MODULE INFORMATION:   STATIC OVERLAYABLE
   CODE SIZE        =    106    ----
   CONSTANT SIZE    =   ----    ----
C51 COMPILER V9.59.0.0   MAIN                                                              11/30/2024 17:24:31 PAGE 2   

   XDATA SIZE       =   ----    ----
   PDATA SIZE       =   ----    ----
   DATA SIZE        =      3    ----
   IDATA SIZE       =   ----    ----
   BIT SIZE         =   ----    ----
END OF MODULE INFORMATION.


C51 COMPILATION COMPLETE.  0 WARNING(S),  0 ERROR(S)
