C51 COMPILER V9.59.0.0   MAIN                                                              11/13/2024 14:58:49 PAGE 1   


C51 COMPILER V9.59.0.0, COMPILATION OF MODULE MAIN
OBJECT MODULE PLACED IN .\Objects\main.obj
COMPILER INVOKED BY: D:\RJ\Keil5\C51\BIN\C51.EXE main.c OPTIMIZE(8,SPEED) BROWSE DEBUG OBJECTEXTEND PRINT(.\Listings\mai
                    -n.lst) TABS(2) OBJECT(.\Objects\main.obj)

line level    source

   1          #include "Delay.h"
   2          
   3          void main()
   4          {
   5   1        int KeyNum = 0;
   6   1        //Timer0Init();
   7   1        while(1)
   8   1        {
   9   2          KeyNum=IndependentKey();
  10   2          if(KeyNum)
  11   2          {
  12   3            if(KeyNum==1)P2_1=~P2_1;
  13   3            if(KeyNum==2)P2_2=~P2_2;
  14   3            if(KeyNum==3)P2_3=~P2_3;
  15   3            if(KeyNum==4)P2_4=~P2_4;
  16   3      
  17   3          }
  18   2        }
  19   1      }
  20          
  21          //void Timer0_Routine() interrupt 1 //定时器T0的中断程序命名，这是标准定义，不能随意更改
  22          //{
  23          //  static unsigned int T0Count;
  24          //  TH0=0xFC;//每次计时计完后需要重新赋初值，若
  25          //  TL0=0x18;//不赋初值，它会默认重0开始计时
  26          //  T0Count++;
  27          //  if(T0Count>=1000)
  28          //  {
  29          //    T0Count=0;
  30          //    P2_0=~P2_0; 
  31          //  }
  32          //}


MODULE INFORMATION:   STATIC OVERLAYABLE
   CODE SIZE        =     43    ----
   CONSTANT SIZE    =   ----    ----
   XDATA SIZE       =   ----    ----
   PDATA SIZE       =   ----    ----
   DATA SIZE        =   ----    ----
   IDATA SIZE       =   ----    ----
   BIT SIZE         =   ----    ----
END OF MODULE INFORMATION.


C51 COMPILATION COMPLETE.  0 WARNING(S),  0 ERROR(S)
