C51 COMPILER V9.59.0.0   MAIN                                                              11/11/2024 17:39:43 PAGE 1   


C51 COMPILER V9.59.0.0, COMPILATION OF MODULE MAIN
OBJECT MODULE PLACED IN .\Objects\main.obj
COMPILER INVOKED BY: D:\RJ\Keil5\C51\BIN\C51.EXE main.c OPTIMIZE(8,SPEED) BROWSE DEBUG OBJECTEXTEND PRINT(.\Listings\mai
                    -n.lst) TABS(2) OBJECT(.\Objects\main.obj)

line level    source

   1          #include "Delay.h"
   2          
   3          void main()
   4          {
   5   1        int KeyNum = 0;
   6   1        LCD_Init();
   7   1        LCD_ShowString(1,1,"MatrixKeyboard:");
   8   1        while(1)
   9   1        {
  10   2          KeyNum = MatrixKeyboard();
  11   2          if(KeyNum)
  12   2          {
  13   3            LCD_ShowNum(2,1,KeyNum,2);
  14   3          }
  15   2        }
  16   1      }


MODULE INFORMATION:   STATIC OVERLAYABLE
   CODE SIZE        =     51    ----
   CONSTANT SIZE    =     16    ----
   XDATA SIZE       =   ----    ----
   PDATA SIZE       =   ----    ----
   DATA SIZE        =   ----       2
   IDATA SIZE       =   ----    ----
   BIT SIZE         =   ----    ----
END OF MODULE INFORMATION.


C51 COMPILATION COMPLETE.  0 WARNING(S),  0 ERROR(S)
