C51 COMPILER V9.59.0.0   MAIN                                                              11/30/2024 17:11:10 PAGE 1   


C51 COMPILER V9.59.0.0, COMPILATION OF MODULE MAIN
OBJECT MODULE PLACED IN .\Objects\main.obj
COMPILER INVOKED BY: D:\RJ\Keil5\C51\BIN\C51.EXE main.c OPTIMIZE(8,SPEED) BROWSE INCDIR(D:\RJ\Keil5\C51\INC;D:\RJ\Keil5\
                    -C51\INC\Atmel) DEBUG OBJECTEXTEND PRINT(.\Listings\main.lst) TABS(2) OBJECT(.\Objects\main.obj)

line level    source

   1          #include "Delay.h"
   2          
   3          unsigned int ADValue = 0;
   4          
   5          void main()
   6          {
   7   1        LCD_Init();
   8   1        LCD_ShowString(1, 1, "ADJ NTC RG");
   9   1        while (1)
  10   1        {
  11   2          ADValue = XPT2046_ReadAD(XPT2046_XP_8);
  12   2          LCD_ShowNum(2, 1, ADValue, 3);
  13   2          Delay(10);
  14   2          ADValue = XPT2046_ReadAD(XPT2046_YP_8);
  15   2          LCD_ShowNum(2, 5, ADValue, 3);
  16   2          Delay(10);
  17   2          ADValue = XPT2046_ReadAD(XPT2046_VBAT_8);
  18   2          LCD_ShowNum(2, 9, ADValue, 3);
  19   2          Delay(10);
  20   2        }
  21   1      }


MODULE INFORMATION:   STATIC OVERLAYABLE
   CODE SIZE        =    108    ----
   CONSTANT SIZE    =     11    ----
   XDATA SIZE       =   ----    ----
   PDATA SIZE       =   ----    ----
   DATA SIZE        =      2    ----
   IDATA SIZE       =   ----    ----
   BIT SIZE         =   ----    ----
END OF MODULE INFORMATION.


C51 COMPILATION COMPLETE.  0 WARNING(S),  0 ERROR(S)
