C51 COMPILER V9.59.0.0   MAIN                                                              11/28/2024 11:35:38 PAGE 1   


C51 COMPILER V9.59.0.0, COMPILATION OF MODULE MAIN
OBJECT MODULE PLACED IN .\Objects\main.obj
COMPILER INVOKED BY: D:\RJ\Keil5\C51\BIN\C51.EXE main.c OPTIMIZE(8,SPEED) BROWSE INCDIR(D:\RJ\Keil5\C51\INC;D:\RJ\Keil5\
                    -C51\INC\Atmel) DEBUG OBJECTEXTEND PRINT(.\Listings\main.lst) TABS(2) OBJECT(.\Objects\main.obj)

line level    source

   1          #include "Delay.h"
   2          
   3          unsigned char Num = 0;
   4          
   5          void main()
   6          {
   7   1        LCD_Init();
   8   1        Int0_Init();
   9   1        LCD_ShowString(1, 1, "A");
  10   1      
  11   1        while (1)
  12   1        {
  13   2          LCD_ShowNum(2, 1, Num, 3);
  14   2        }
  15   1      }
  16          
  17          void Int0_Routine(void) interrupt 0
  18          {
  19   1        Num--;
  20   1      }


MODULE INFORMATION:   STATIC OVERLAYABLE
   CODE SIZE        =     39    ----
   CONSTANT SIZE    =      2    ----
   XDATA SIZE       =   ----    ----
   PDATA SIZE       =   ----    ----
   DATA SIZE        =      1    ----
   IDATA SIZE       =   ----    ----
   BIT SIZE         =   ----    ----
END OF MODULE INFORMATION.


C51 COMPILATION COMPLETE.  0 WARNING(S),  0 ERROR(S)
