C51 COMPILER V9.59.0.0   MAIN                                                              11/27/2024 19:32:19 PAGE 1   


C51 COMPILER V9.59.0.0, COMPILATION OF MODULE MAIN
OBJECT MODULE PLACED IN .\Objects\main.obj
COMPILER INVOKED BY: D:\RJ\Keil5\C51\BIN\C51.EXE main.c OPTIMIZE(8,SPEED) BROWSE INCDIR(D:\RJ\Keil5\C51\INC;D:\RJ\Keil5\
                    -C51\INC\Atmel) DEBUG OBJECTEXTEND PRINT(.\Listings\main.lst) TABS(2) OBJECT(.\Objects\main.obj)

line level    source

   1          #include "Delay.h"
   2          
   3          sbit Motor = P1 ^ 0;
   4          
   5          unsigned char Counter = 0;
   6          unsigned char Compare = 0;
   7          unsigned char KeyNum = 0;
   8          unsigned char Speed = 0;
   9          
  10          void main()
  11          {
  12   1        Timer0Init();
  13   1        Compare = 5;
  14   1        while (1)
  15   1        {
  16   2          KeyNum = IndependentKey();
  17   2          if (KeyNum == 1)
  18   2          {
  19   3            Speed++;
  20   3            Speed %= 4; // 相当于if(Speed>=4){Speed=0;}
  21   3            if (Speed == 0)
  22   3            {
  23   4              Compare = 0;
  24   4            }
  25   3            if (Speed == 1)
  26   3            {
  27   4              Compare = 50;
  28   4            }
  29   3            if (Speed == 2)
  30   3            {
  31   4              Compare = 75;
  32   4            }
  33   3            if (Speed == 3)
  34   3            {
  35   4              Compare = 100;
  36   4            }
  37   3          }
  38   2          NixieTube(1, Speed);
  39   2        }
  40   1      }
  41          
  42          void Timer0_Routine() interrupt 1
  43          {
  44   1        TL0 = 0x9C; // 设置定时初始值
  45   1        TH0 = 0xFF; // 设置定时初始值
  46   1        Counter++;
  47   1      
  48   1        // 这里还可以用Counter%=100代替该if语句，两者效果相同
  49   1        if (Counter >= 100)
  50   1        {
  51   2          Counter = 0;
  52   2        }
  53   1      
  54   1        // 产生PWM
C51 COMPILER V9.59.0.0   MAIN                                                              11/27/2024 19:32:19 PAGE 2   

  55   1        if (Counter < Compare)
  56   1        {
  57   2          Motor = 1;
  58   2        }
  59   1        else
  60   1        {
  61   2          Motor = 0;
  62   2        }
  63   1      }


MODULE INFORMATION:   STATIC OVERLAYABLE
   CODE SIZE        =    109    ----
   CONSTANT SIZE    =   ----    ----
   XDATA SIZE       =   ----    ----
   PDATA SIZE       =   ----    ----
   DATA SIZE        =      4    ----
   IDATA SIZE       =   ----    ----
   BIT SIZE         =   ----    ----
END OF MODULE INFORMATION.


C51 COMPILATION COMPLETE.  0 WARNING(S),  0 ERROR(S)
