C51 COMPILER V9.59.0.0   MAIN                                                              11/18/2024 19:27:55 PAGE 1   


C51 COMPILER V9.59.0.0, COMPILATION OF MODULE MAIN
OBJECT MODULE PLACED IN .\Objects\main.obj
COMPILER INVOKED BY: D:\RJ\Keil5\C51\BIN\C51.EXE main.c OPTIMIZE(8,SPEED) BROWSE INCDIR(D:\RJ\Keil5\C51\INC;D:\RJ\Keil5\
                    -C51\INC\Atmel) DEBUG OBJECTEXTEND PRINT(.\Listings\main.lst) TABS(2) OBJECT(.\Objects\main.obj)

line level    source

   1          #include "Delay.h"
   2          
   3          
   4          void main()
   5          {
   6   1        LCD_Init();
   7   1        DS1302_Init();
   8   1      
   9   1        LCD_ShowString(1, 1, "  -  -");
  10   1        LCD_ShowString(2, 1, "  :  :");
  11   1      
  12   1        DS1302_WriteByte(DS1302_WP, 0X00); // 关闭写保护，以使函数DS1302_WriteByte能成功写入数据
  13   1      
  14   1        DS1302_SetTime();
  15   1      
  16   1        while (1)
  17   1        {
  18   2          DS1302_ReadTime();
  19   2          LCD_ShowNum(1, 1, DS1302_Time[0], 2);
  20   2          LCD_ShowNum(1, 4, DS1302_Time[1], 2);
  21   2          LCD_ShowNum(1, 7, DS1302_Time[2], 2);
  22   2          LCD_ShowNum(2, 1, DS1302_Time[3], 2);
  23   2          LCD_ShowNum(2, 4, DS1302_Time[4], 2);
  24   2          LCD_ShowNum(2, 7, DS1302_Time[5], 2);
  25   2        }
  26   1      }


MODULE INFORMATION:   STATIC OVERLAYABLE
   CODE SIZE        =    137    ----
   CONSTANT SIZE    =     14    ----
   XDATA SIZE       =   ----    ----
   PDATA SIZE       =   ----    ----
   DATA SIZE        =   ----    ----
   IDATA SIZE       =   ----    ----
   BIT SIZE         =   ----    ----
END OF MODULE INFORMATION.


C51 COMPILATION COMPLETE.  0 WARNING(S),  0 ERROR(S)
