C51 COMPILER V9.59.0.0   MAIN                                                              11/27/2024 15:20:37 PAGE 1   


C51 COMPILER V9.59.0.0, COMPILATION OF MODULE MAIN
OBJECT MODULE PLACED IN .\Objects\main.obj
COMPILER INVOKED BY: D:\RJ\Keil5\C51\BIN\C51.EXE main.c OPTIMIZE(8,SPEED) BROWSE INCDIR(D:\RJ\Keil5\C51\INC;D:\RJ\Keil5\
                    -C51\INC\Atmel) DEBUG OBJECTEXTEND PRINT(.\Listings\main.lst) TABS(2) OBJECT(.\Objects\main.obj)

line level    source

   1          #include "Delay.h"
   2          
   3          unsigned char KeyNum = 0;
   4          unsigned int Num = 0;
   5          
   6          // void main()
   7          // {
   8          //  LCD_Init();
   9          //  LCD_ShowNum(1, 1, Num, 5);
  10          //  while (1)
  11          //  {
  12          //    KeyNum = IndependentKey();
  13          //    if (KeyNum == 1)
  14          //    {
  15          //      Num++;
  16          //      LCD_ShowNum(1, 1, Num, 5);
  17          //    }
  18          //    if (KeyNum == 2)
  19          //    {
  20          //      Num--;
  21          //      LCD_ShowNum(1, 1, Num, 5);
  22          //    }
  23          //    if (KeyNum == 3)
  24          //    {
  25          //      AT24C02_WriterByte(0, Num % 256); // 取出Num的低8位
  26          //      Delay(5);
  27          //      AT24C02_WriterByte(1, Num / 256); // 取出Num的高8位
  28          //      Delay(5);
  29          //      LCD_ShowString(2, 1, "Wrtite OK");
  30          //      Delay(1000);
  31          //      LCD_ShowString(2, 1, "         ");
  32          //    }
  33          //    if (KeyNum == 4)
  34          //    {
  35          //      Num = AT24C02_ReadByte(0);
  36          //      Num |= AT24C02_ReadByte(1) << 8;
  37          //      LCD_ShowNum(1, 1, Num, 5);
  38          //      LCD_ShowString(2, 1, "Read OK");
  39          //      Delay(1000);
  40          //      LCD_ShowString(2, 1, "       ");
  41          //    }
  42          //  }
  43          // }
  44          
  45          unsigned char temp = 0;
  46          
  47          void main()
  48          {
  49   1        while (1)
  50   1        {
  51   2          KeyNum = IndependentKey();
  52   2          if (KeyNum)
  53   2          {
  54   3            temp = KeyNum;
C51 COMPILER V9.59.0.0   MAIN                                                              11/27/2024 15:20:37 PAGE 2   

  55   3          }
  56   2          NixieTube(1, temp);
  57   2        }
  58   1      }


MODULE INFORMATION:   STATIC OVERLAYABLE
   CODE SIZE        =     20    ----
   CONSTANT SIZE    =   ----    ----
   XDATA SIZE       =   ----    ----
   PDATA SIZE       =   ----    ----
   DATA SIZE        =      4    ----
   IDATA SIZE       =   ----    ----
   BIT SIZE         =   ----    ----
END OF MODULE INFORMATION.


C51 COMPILATION COMPLETE.  0 WARNING(S),  0 ERROR(S)
