C51 COMPILER V9.59.0.0   MAIN                                                              11/27/2024 17:51:40 PAGE 1   


C51 COMPILER V9.59.0.0, COMPILATION OF MODULE MAIN
OBJECT MODULE PLACED IN .\Objects\main.obj
COMPILER INVOKED BY: D:\RJ\Keil5\C51\BIN\C51.EXE main.c OPTIMIZE(8,SPEED) BROWSE INCDIR(D:\RJ\Keil5\C51\INC;D:\RJ\Keil5\
                    -C51\INC\Atmel) DEBUG OBJECTEXTEND PRINT(.\Listings\main.lst) TABS(2) OBJECT(.\Objects\main.obj)

line level    source

   1          #include "Delay.h"
   2          
   3          sbit LED = P2 ^ 0;
   4          
   5          void Delay1(unsigned int t)
   6          {
   7   1        while (t--)
   8   1          ;
   9   1      }
  10          
  11          void main()
  12          {
  13   1        unsigned char Time;
  14   1        unsigned char i;
  15   1        while (1)
  16   1        {
  17   2          for (Time = 0; Time < 100; Time++)
  18   2          {
  19   3            for (i = 0; i < 20; i++)
  20   3            {
  21   4              LED = 0;
  22   4              Delay1(Time);
  23   4              LED = 1;
  24   4              Delay1(100 - Time);
  25   4            }
  26   3          }
  27   2          for (Time = 100; Time > 0; Time--)
  28   2          {
  29   3            for (i = 0; i < 20; i++)
  30   3            {
  31   4              LED = 0;
  32   4              Delay1(Time);
  33   4              LED = 1;
  34   4              Delay1(100 - Time);
  35   4            }
  36   3          }
  37   2        }
  38   1      }


MODULE INFORMATION:   STATIC OVERLAYABLE
   CODE SIZE        =     99    ----
   CONSTANT SIZE    =   ----    ----
   XDATA SIZE       =   ----    ----
   PDATA SIZE       =   ----    ----
   DATA SIZE        =   ----    ----
   IDATA SIZE       =   ----    ----
   BIT SIZE         =   ----    ----
END OF MODULE INFORMATION.


C51 COMPILATION COMPLETE.  0 WARNING(S),  0 ERROR(S)
