C51 COMPILER V9.59.0.0   MAIN                                                              11/16/2024 22:27:50 PAGE 1   


C51 COMPILER V9.59.0.0, COMPILATION OF MODULE MAIN
OBJECT MODULE PLACED IN .\Objects\main.obj
COMPILER INVOKED BY: D:\RJ\Keil5\C51\BIN\C51.EXE main.c OPTIMIZE(8,SPEED) BROWSE INCDIR(D:\RJ\Keil5\C51\INC;D:\RJ\Keil5\
                    -C51\INC\Atmel) DEBUG OBJECTEXTEND PRINT(.\Listings\main.lst) TABS(2) OBJECT(.\Objects\main.obj)

line level    source

   1          #include "Delay.h"
   2          
   3          unsigned char Animation[] = // hello!! 流动显示
   4            {
   5              0x00,
   6              0x00,
   7              0x00,
   8              0x00,
   9              0x00,
  10              0x00,
  11              0x00,
  12              0x00,
  13              0xFF,
  14              0x08,
  15              0x08,
  16              0x08,
  17              0xFF,
  18              0x00,
  19              0x00,
  20              0x0E,
  21              0x15,
  22              0x15,
  23              0x15,
  24              0x09,
  25              0x00,
  26              0xFF,
  27              0x01,
  28              0x01,
  29              0x00,
  30              0xFF,
  31              0x01,
  32              0x01,
  33              0x00,
  34              0x1E,
  35              0x21,
  36              0x21,
  37              0x1E,
  38              0x00,
  39              0xFD,
  40              0x00,
  41              0xFD,
  42              0x00,
  43              0x00,
  44              0x00,
  45              0x00,
  46              0x00,
  47              0x00,
  48              0x00,
  49              0x00,
  50              0x00,
  51              0x00,
  52              0x00,
  53          };
  54          
C51 COMPILER V9.59.0.0   MAIN                                                              11/16/2024 22:27:50 PAGE 2   

  55          unsigned char code Animation_1[] = // 逐帧动画 这里加code是因为RAM空间太小，
  56            {                //一旦数组数据过多，就会数据溢出，而加上code，
  57                             //就可以将数组数据放到更大的flash里面
  58                             //而一旦放到里面，在main函数里面是不能更改的，因为ROM用的就是flash
  59              0x78,0x86,0xA1,0x89,0x89,0xA1,0x86,0x78,
  60              0x78,0x86,0xA9,0x89,0x89,0xA9,0x86,0x78,
  61              0x78,0x86,0xA9,0x85,0x85,0xA9,0x86,0x78,
  62              0x78,0x86,0xA9,0x89,0x89,0xA9,0x86,0x78,
  63              0x78,0x86,0xA1,0x8D,0x8D,0xA1,0x86,0x78,
  64              0x78,0x86,0xA9,0x8D,0x8D,0xA9,0x86,0x78,
  65          
  66          };
  67          
  68          void main()
  69          {
  70   1        unsigned char i = 0;
  71   1        unsigned char offset = 0;
  72   1        unsigned char count = 0;
  73   1      
  74   1        MatrixLED_Init();
  75   1        while (1)
  76   1        {
  77   2          for (i = 0; i < 8; i++)
  78   2          {
  79   3             MatrixLED_Show(i, Animation[i + offset]); // hello!! 流动显示
  80   3            //MatrixLED_Show(i, Animation_1[i + offset]); // 逐帧动画
  81   3          }
  82   2          count++;
  83   2          if (count > 10)
  84   2          {
  85   3            count = 0;
  86   3            offset ++;//逐帧动画+=8，流动动画++
  87   3            if (offset > 40) // 防止数组溢出，若数组变化要重新计算，这里逐帧的数组是24，
             -流动的数组是40
  88   3            { 
  89   4              offset = 0;
  90   4            }
  91   3          }
  92   2        }
  93   1      }


MODULE INFORMATION:   STATIC OVERLAYABLE
   CODE SIZE        =     76    ----
   CONSTANT SIZE    =     48    ----
   XDATA SIZE       =   ----    ----
   PDATA SIZE       =   ----    ----
   DATA SIZE        =     48       3
   IDATA SIZE       =   ----    ----
   BIT SIZE         =   ----    ----
END OF MODULE INFORMATION.


C51 COMPILATION COMPLETE.  0 WARNING(S),  0 ERROR(S)
