C51 COMPILER V9.59.0.0   MAIN                                                              11/29/2024 13:11:17 PAGE 1   


C51 COMPILER V9.59.0.0, COMPILATION OF MODULE MAIN
OBJECT MODULE PLACED IN .\Objects\main.obj
COMPILER INVOKED BY: D:\RJ\Keil5\C51\BIN\C51.EXE main.c OPTIMIZE(8,SPEED) BROWSE INCDIR(D:\RJ\Keil5\C51\INC;D:\RJ\Keil5\
                    -C51\INC\Atmel) DEBUG OBJECTEXTEND PRINT(.\Listings\main.lst) TABS(2) OBJECT(.\Objects\main.obj)

line level    source

   1          #include "Delay.h"
   2          
   3          unsigned char Num = 0;
   4          unsigned char Address = 0;
   5          unsigned char Command = 0;
   6          
   7          void main()
   8          {
   9   1        LCD_Init();
  10   1        IR_Init();
  11   1      
  12   1        LCD_ShowString(1, 1, "ADDR  CMD  NUM");
  13   1        LCD_ShowString(2, 1, "00    00   00");
  14   1      
  15   1        while (1)
  16   1        {
  17   2          if (IR_GetDataFlag() || IR_GetRepeatFlag())
  18   2          {
  19   3            Address = IR_GetAddress();
  20   3            Command = IR_GetCommand();
  21   3            LCD_ShowHexNum(2, 1, Address, 2);
  22   3            LCD_ShowHexNum(2, 7, Command, 2);
  23   3            if (Command == IR_VOL_MINUS)
  24   3            {
  25   4              Num--;
  26   4            }
  27   3            if (Command == IR_VOL_ADD)
  28   3            {
  29   4              Num++;
  30   4            }
  31   3            LCD_ShowNum(2, 12, Num, 3);
  32   3          }
  33   2        }
  34   1      }


MODULE INFORMATION:   STATIC OVERLAYABLE
   CODE SIZE        =    120    ----
   CONSTANT SIZE    =     29    ----
   XDATA SIZE       =   ----    ----
   PDATA SIZE       =   ----    ----
   DATA SIZE        =      3    ----
   IDATA SIZE       =   ----    ----
   BIT SIZE         =   ----    ----
END OF MODULE INFORMATION.


C51 COMPILATION COMPLETE.  0 WARNING(S),  0 ERROR(S)
