C51 COMPILER V9.59.0.0   MAIN                                                              11/09/2024 20:39:44 PAGE 1   


C51 COMPILER V9.59.0.0, COMPILATION OF MODULE MAIN
OBJECT MODULE PLACED IN .\Objects\main.obj
COMPILER INVOKED BY: D:\RJ\Keil5\C51\BIN\C51.EXE main.c OPTIMIZE(8,SPEED) BROWSE DEBUG OBJECTEXTEND PRINT(.\Listings\mai
                    -n.lst) TABS(2) OBJECT(.\Objects\main.obj)

line level    source

   1          #include <REGX52.H>
   2          
   3          void Delay(unsigned int xms)  //@12MHz
   4          {
   5   1        unsigned char data i, j;
   6   1      
   7   1        while(xms--)
   8   1        {
   9   2          i = 2;
  10   2          j = 239;
  11   2          do 
  12   2          {
  13   3            while (--j);
  14   3          } while (--i);
  15   2          }
  16   1      }
  17          
  18          void main()
  19          { 
  20   1        unsigned char LEDNum = 1;
  21   1      //  P2=~0x01;
  22   1        while(1)
  23   1        {
  24   2          if(P3_1==0)
  25   2          {
  26   3            Delay(20);
  27   3            while(P3_1==0);
  28   3            Delay(20);
  29   3            
  30   3            P2=~LEDNum;
  31   3            LEDNum=LEDNum<<1;
  32   3            
  33   3      //      LEDNum++;
  34   3      //      if(LEDNum>=8)
  35   3      //      {
  36   3      //        LEDNum=0;
  37   3      //      }
  38   3      //      P2=~(0x01<<LEDNum);
  39   3      
  40   3          }
  41   2      //    if(P3_0==0)
  42   2      //    {
  43   2      //      Delay(20);
  44   2      //      while(P3_0==0);
  45   2      //      Delay(20);
  46   2      //      
  47   2      //      if(LEDNum==0)
  48   2      //      {
  49   2      //        LEDNum=7;
  50   2      //      }
  51   2      //      else
  52   2      //      {
  53   2      //        LEDNum--;
  54   2      //      }
C51 COMPILER V9.59.0.0   MAIN                                                              11/09/2024 20:39:44 PAGE 2   

  55   2      //      P2=~(0x01<<LEDNum);
  56   2      //    }
  57   2        }
  58   1      }
  59          


MODULE INFORMATION:   STATIC OVERLAYABLE
   CODE SIZE        =     53    ----
   CONSTANT SIZE    =   ----    ----
   XDATA SIZE       =   ----    ----
   PDATA SIZE       =   ----    ----
   DATA SIZE        =   ----    ----
   IDATA SIZE       =   ----    ----
   BIT SIZE         =   ----    ----
END OF MODULE INFORMATION.


C51 COMPILATION COMPLETE.  0 WARNING(S),  0 ERROR(S)
