C51 COMPILER V9.59.0.0   MAIN                                                              11/08/2024 11:34:51 PAGE 1   


C51 COMPILER V9.59.0.0, COMPILATION OF MODULE MAIN
OBJECT MODULE PLACED IN .\Objects\main.obj
COMPILER INVOKED BY: D:\RJ\Keil5\C51\BIN\C51.EXE main.c OPTIMIZE(8,SPEED) BROWSE DEBUG OBJECTEXTEND PRINT(.\Listings\mai
                    -n.lst) TABS(2) OBJECT(.\Objects\main.obj)

line level    source

   1          #include <REGX52.H>
   2          
   3          void Delay(int xms) //@12MHz
   4          {
   5   1        unsigned char data i, j;
   6   1      
   7   1        while(--xms)
   8   1        {
   9   2          i = 2;
  10   2          j = 239;
  11   2          do
  12   2          {
  13   3            while (--j);
  14   3          } while (--i);
  15   2          }
  16   1      }
  17          
  18          
  19          void main()
  20          {
  21   1        while(1)
  22   1        {
  23   2          if(P3_1==0)//判断按键是否按下
  24   2          {
  25   3            Delay(20);//按键已经按下，此程序进行按键闭合的消抖
  26   3            while(P3_1==0);
  27   3            Delay(20);//经过while循环判断一直到按键断开，按键断开
  28   3                      //利用此程序进行按键断开的消抖,至此完成按键消抖的一个周期
  29   3            P2_0=~P2_0;
  30   3          }
  31   2        }
  32   1      }


MODULE INFORMATION:   STATIC OVERLAYABLE
   CODE SIZE        =     44    ----
   CONSTANT SIZE    =   ----    ----
   XDATA SIZE       =   ----    ----
   PDATA SIZE       =   ----    ----
   DATA SIZE        =   ----    ----
   IDATA SIZE       =   ----    ----
   BIT SIZE         =   ----    ----
END OF MODULE INFORMATION.


C51 COMPILATION COMPLETE.  0 WARNING(S),  0 ERROR(S)
