C51 COMPILER V9.59.0.0   MAIN                                                              11/10/2024 14:15:30 PAGE 1   


C51 COMPILER V9.59.0.0, COMPILATION OF MODULE MAIN
OBJECT MODULE PLACED IN .\Objects\main.obj
COMPILER INVOKED BY: D:\RJ\Keil5\C51\BIN\C51.EXE main.c OPTIMIZE(8,SPEED) BROWSE DEBUG OBJECTEXTEND PRINT(.\Listings\mai
                    -n.lst) TABS(2) OBJECT(.\Objects\main.obj)

line level    source

   1          
   2          #include "Delay.h"
   3          
   4          void main()
   5          {
   6   1        while(1)
   7   1        {
   8   2      //  P2_0=1;
   9   2      //  Delay(500);
  10   2      //  P2_0=0;
  11   2      //  Delay(500);
  12   2          NixieTube(1,1);
  13   2          NixieTube(2,2);
  14   2      
  15   2          
  16   2        }
  17   1      }


MODULE INFORMATION:   STATIC OVERLAYABLE
   CODE SIZE        =     20    ----
   CONSTANT SIZE    =   ----    ----
   XDATA SIZE       =   ----    ----
   PDATA SIZE       =   ----    ----
   DATA SIZE        =   ----    ----
   IDATA SIZE       =   ----    ----
   BIT SIZE         =   ----    ----
END OF MODULE INFORMATION.


C51 COMPILATION COMPLETE.  0 WARNING(S),  0 ERROR(S)
