C51 COMPILER V9.59.0.0   MAIN                                                              11/08/2024 11:56:14 PAGE 1   


C51 COMPILER V9.59.0.0, COMPILATION OF MODULE MAIN
OBJECT MODULE PLACED IN .\Objects\main.obj
COMPILER INVOKED BY: D:\RJ\Keil5\C51\BIN\C51.EXE main.c OPTIMIZE(8,SPEED) BROWSE DEBUG OBJECTEXTEND PRINT(.\Listings\mai
                    -n.lst) TABS(2) OBJECT(.\Objects\main.obj)

line level    source

   1          #include <REGX52.H>
   2          
   3          void Delay(unsigned int xms)  //@12MHz
   4          {
   5   1        unsigned char data i, j;
   6   1      
   7   1        while(xms--)
   8   1        {
   9   2          i = 2;
  10   2          j = 239;
  11   2          do 
  12   2          {
  13   3            while (--j);
  14   3          } while (--i);
  15   2          }
  16   1      }
  17          
  18          void main()
  19          {
  20   1        unsigned char LEDNum;
  21   1        while(1)
  22   1        {
  23   2          if(P3_1==0)
  24   2          {
  25   3            Delay(20);
  26   3            while(P3_1==0);
  27   3            Delay(20);
  28   3            
  29   3            LEDNum++;
  30   3            P2=~LEDNum;
  31   3          }
  32   2        }
  33   1      }


MODULE INFORMATION:   STATIC OVERLAYABLE
   CODE SIZE        =     50    ----
   CONSTANT SIZE    =   ----    ----
   XDATA SIZE       =   ----    ----
   PDATA SIZE       =   ----    ----
   DATA SIZE        =   ----       1
   IDATA SIZE       =   ----    ----
   BIT SIZE         =   ----    ----
END OF MODULE INFORMATION.


C51 COMPILATION COMPLETE.  0 WARNING(S),  0 ERROR(S)
