C51 COMPILER V9.59.0.0   MAIN                                                              11/07/2024 22:39:46 PAGE 1   


C51 COMPILER V9.59.0.0, COMPILATION OF MODULE MAIN
OBJECT MODULE PLACED IN .\Objects\main.obj
COMPILER INVOKED BY: D:\RJ\Keil5\C51\BIN\C51.EXE main.c OPTIMIZE(8,SPEED) BROWSE DEBUG OBJECTEXTEND PRINT(.\Listings\mai
                    -n.lst) TABS(2) OBJECT(.\Objects\main.obj)

line level    source

   1          #include <REGX52.H>
   2          
   3          void Delay1ms(unsigned int xms) //注意单片机中的int类型是16位
   4          {
   5   1        unsigned char data i, j;
   6   1        while(--xms)
   7   1        {
   8   2          i = 2;
   9   2          j = 239;
  10   2          do
  11   2          {
  12   3            while (--j);
  13   3          } while (--i);
  14   2        }
  15   1      }
  16          
  17          
  18          void main()
  19          {
  20   1        int x = 50;
  21   1        while(1)
  22   1        {
  23   2          P2=0xFE;
  24   2          Delay1ms(1000);
  25   2          P2=0xFD;
  26   2          Delay1ms(1000);
  27   2          P2=0xFB;
  28   2          Delay1ms(x);
  29   2          P2=0xF7;
  30   2          Delay1ms(x);
  31   2          P2=0xEF;
  32   2          Delay1ms(x);
  33   2          P2=0xDF;
  34   2          Delay1ms(x);
  35   2          P2=0xBF;
  36   2          Delay1ms(x);
  37   2          P2=0x7F;
  38   2          Delay1ms(x);
  39   2        }
  40   1      }


MODULE INFORMATION:   STATIC OVERLAYABLE
   CODE SIZE        =     86    ----
   CONSTANT SIZE    =   ----    ----
   XDATA SIZE       =   ----    ----
   PDATA SIZE       =   ----    ----
   DATA SIZE        =   ----    ----
   IDATA SIZE       =   ----    ----
   BIT SIZE         =   ----    ----
END OF MODULE INFORMATION.


C51 COMPILATION COMPLETE.  0 WARNING(S),  0 ERROR(S)
